<?xml version="1.0" encoding="UTF-8"?>
<!-- Generated by org.testng.reporters.JUnitXMLReporter -->
<testsuite ignored="0" hostname="Uttams-Air.lan" failures="2" tests="6" name="Test" time="0.146" errors="0" timestamp="2024-03-28T22:24:45 CDT">
  <testcase classname="listeners.TestNGListenerDemo" name="test1" time="0.011"/>
  <testcase classname="listeners.TestNGListenerDemo" name="test2" time="0.004">
    <failure type="java.lang.AssertionError">
      <![CDATA[java.lang.AssertionError: 
at listeners.TestNGListenerDemo.test2(TestNGListenerDemo.java:25)
at java.base/java.util.ArrayList.forEach(ArrayList.java:1511)
... Removed 30 stack frames]]>
    </failure>
  </testcase> <!-- test2 -->
  <testcase classname="listeners.TestNGListenerDemo" name="test3" time="0.003">
    <skipped/>
  </testcase> <!-- test3 -->
  <testcase classname="listeners.TestNGListenerDemo2" name="test4" time="0.004"/>
  <testcase classname="listeners.TestNGListenerDemo2" name="test5" time="0.002">
    <failure type="java.lang.AssertionError">
      <![CDATA[java.lang.AssertionError: 
at listeners.TestNGListenerDemo2.test5(TestNGListenerDemo2.java:21)
at java.base/java.util.ArrayList.forEach(ArrayList.java:1511)
... Removed 30 stack frames]]>
    </failure>
  </testcase> <!-- test5 -->
  <testcase classname="listeners.TestNGListenerDemo2" name="test6" time="0.005">
    <skipped/>
  </testcase> <!-- test6 -->
</testsuite> <!-- Test -->
